<?xml version="1.0" encoding="UTF-8"?>
<!-- Generated by org.testng.reporters.JUnitReportReporter -->
<testsuite skipped="0" hostname="N9861" name="com.crm.testcase.Dealpagetest" tests="1" failures="0" timestamp="17 Dec 2018 10:30:59 GMT" time="26.685" errors="0">
  <testcase name="EnterDetaldetails" time="26.685" classname="com.crm.testcase.Dealpagetest"/>
</testsuite> <!-- com.crm.testcase.Dealpagetest -->
