<?xml version="1.0" encoding="UTF-8"?>
<!-- Generated by org.testng.reporters.JUnitReportReporter -->
<testsuite skipped="0" hostname="N9861" name="com.crm.testcase.Taskpagetest" tests="1" failures="0" timestamp="13 Dec 2018 09:11:13 GMT" time="52.568" errors="0">
  <testcase name="Filltaskpage" time="52.568" classname="com.crm.testcase.Taskpagetest"/>
</testsuite> <!-- com.crm.testcase.Taskpagetest -->
