<?xml version="1.0" encoding="UTF-8"?>
<!-- Generated by org.testng.reporters.JUnitReportReporter -->
<testsuite skipped="0" hostname="N9861" name="com.crm.testcase.Contactpagetest" tests="1" failures="0" timestamp="13 Dec 2018 07:52:07 GMT" time="24.798" errors="0">
  <testcase name="Customerdetails" time="24.798" classname="com.crm.testcase.Contactpagetest"/>
</testsuite> <!-- com.crm.testcase.Contactpagetest -->
