<?xml version="1.0" encoding="UTF-8"?>
<!-- Generated by org.testng.reporters.JUnitReportReporter -->
<testsuite skipped="0" hostname="N9861" name="com.crm.testcase.HomePageTestclass" tests="1" failures="0" timestamp="04 Dec 2018 13:07:29 GMT" time="20.506" errors="0">
  <testcase name="clickoncontact" time="20.506" classname="com.crm.testcase.HomePageTestclass"/>
</testsuite> <!-- com.crm.testcase.HomePageTestclass -->
